<?xml version="1.0" encoding="UTF-8"?>
<!-- Generated by org.testng.reporters.JUnitXMLReporter -->
<testsuite ignored="0" hostname="TF-D116" failures="1" tests="1" name="Parameter Test" time="0.021" errors="0" timestamp="2023-02-23T15:27:41 IST">
  <testcase classname="TestNG.ParameterEx" name="@BeforeTest beforeTest" time="-1.677146261702E9">
    <failure type="org.testng.TestNGException" message="
Parameter &amp;apos;appium&amp;apos; is required by BeforeTest on method beforeTest but has not been marked @Optional or defined
in C:\Users\HHRA1231\IdeaProjects\SeleniumFramework\SeleniumFramework\testng.xml">
      <![CDATA[org.testng.TestNGException: 
Parameter 'appium' is required by BeforeTest on method beforeTest but has not been marked @Optional or defined
in C:\Users\HHRA1231\IdeaProjects\SeleniumFramework\SeleniumFramework\testng.xml
at com.intellij.rt.testng.IDEARemoteTestNG.run(IDEARemoteTestNG.java:66)
at com.intellij.rt.testng.RemoteTestNGStarter.main(RemoteTestNGStarter.java:109)
... Removed 18 stack frames]]>
    </failure>
  </testcase> <!-- @BeforeTest beforeTest -->
  <testcase classname="TestNG.ParameterEx" name="@BeforeClass beforeClass" time="-1.677146261716E9">
    <skipped/>
  </testcase> <!-- @BeforeClass beforeClass -->
  <testcase classname="TestNG.ParameterEx" name="test1" time="0.0">
    <failure type="org.testng.TestNGException" message="
Parameter &amp;apos;selenium&amp;apos; is required by @Test on method test1 but has not been marked @Optional or defined
in C:\Users\HHRA1231\IdeaProjects\SeleniumFramework\SeleniumFramework\testng.xml">
      <![CDATA[org.testng.TestNGException: 
Parameter 'selenium' is required by @Test on method test1 but has not been marked @Optional or defined
in C:\Users\HHRA1231\IdeaProjects\SeleniumFramework\SeleniumFramework\testng.xml
at java.base/java.util.ArrayList.forEach(ArrayList.java:1511)
at com.intellij.rt.testng.IDEARemoteTestNG.run(IDEARemoteTestNG.java:66)
at com.intellij.rt.testng.RemoteTestNGStarter.main(RemoteTestNGStarter.java:109)
... Removed 23 stack frames]]>
    </failure>
  </testcase> <!-- test1 -->
</testsuite> <!-- Parameter Test -->
